<?xml version="1.0" encoding="UTF-8"?>
<testsuite xmlns:xsi="http://www.w3.org/2001/XMLSchema-instance" xsi:noNamespaceSchemaLocation="https://maven.apache.org/surefire/maven-surefire-plugin/xsd/surefire-test-report-3.0.xsd" version="3.0" name="se.arbetsformedlingen.mqtest.MqtestApplicationTests" time="4.771" tests="2" errors="0" skipped="0" failures="0">
  <properties>
    <property name="java.specification.version" value="17"/>
    <property name="sun.jnu.encoding" value="UTF-8"/>
    <property name="java.class.path" value="/Users/svante/dev/repos/af/legacy-mq/target/test-classes:/Users/svante/dev/repos/af/legacy-mq/target/classes:/Users/svante/.m2/repository/org/springframework/boot/spring-boot-starter-actuator/3.1.0-RC2/spring-boot-starter-actuator-3.1.0-RC2.jar:/Users/svante/.m2/repository/org/springframework/boot/spring-boot-starter/3.1.0-RC2/spring-boot-starter-3.1.0-RC2.jar:/Users/svante/.m2/repository/org/springframework/boot/spring-boot/3.1.0-RC2/spring-boot-3.1.0-RC2.jar:/Users/svante/.m2/repository/org/springframework/boot/spring-boot-autoconfigure/3.1.0-RC2/spring-boot-autoconfigure-3.1.0-RC2.jar:/Users/svante/.m2/repository/org/springframework/boot/spring-boot-starter-logging/3.1.0-RC2/spring-boot-starter-logging-3.1.0-RC2.jar:/Users/svante/.m2/repository/ch/qos/logback/logback-classic/1.4.7/logback-classic-1.4.7.jar:/Users/svante/.m2/repository/ch/qos/logback/logback-core/1.4.7/logback-core-1.4.7.jar:/Users/svante/.m2/repository/org/apache/logging/log4j/log4j-to-slf4j/2.20.0/log4j-to-slf4j-2.20.0.jar:/Users/svante/.m2/repository/org/apache/logging/log4j/log4j-api/2.20.0/log4j-api-2.20.0.jar:/Users/svante/.m2/repository/org/slf4j/jul-to-slf4j/2.0.7/jul-to-slf4j-2.0.7.jar:/Users/svante/.m2/repository/jakarta/annotation/jakarta.annotation-api/2.1.1/jakarta.annotation-api-2.1.1.jar:/Users/svante/.m2/repository/org/yaml/snakeyaml/1.33/snakeyaml-1.33.jar:/Users/svante/.m2/repository/org/springframework/boot/spring-boot-actuator-autoconfigure/3.1.0-RC2/spring-boot-actuator-autoconfigure-3.1.0-RC2.jar:/Users/svante/.m2/repository/org/springframework/boot/spring-boot-actuator/3.1.0-RC2/spring-boot-actuator-3.1.0-RC2.jar:/Users/svante/.m2/repository/com/fasterxml/jackson/core/jackson-databind/2.15.0/jackson-databind-2.15.0.jar:/Users/svante/.m2/repository/com/fasterxml/jackson/core/jackson-annotations/2.15.0/jackson-annotations-2.15.0.jar:/Users/svante/.m2/repository/com/fasterxml/jackson/core/jackson-core/2.15.0/jackson-core-2.15.0.jar:/Users/svante/.m2/repository/com/fasterxml/jackson/datatype/jackson-datatype-jsr310/2.15.0/jackson-datatype-jsr310-2.15.0.jar:/Users/svante/.m2/repository/io/micrometer/micrometer-observation/1.11.0-RC1/micrometer-observation-1.11.0-RC1.jar:/Users/svante/.m2/repository/io/micrometer/micrometer-commons/1.11.0-RC1/micrometer-commons-1.11.0-RC1.jar:/Users/svante/.m2/repository/io/micrometer/micrometer-core/1.11.0-RC1/micrometer-core-1.11.0-RC1.jar:/Users/svante/.m2/repository/org/hdrhistogram/HdrHistogram/2.1.12/HdrHistogram-2.1.12.jar:/Users/svante/.m2/repository/org/latencyutils/LatencyUtils/2.0.3/LatencyUtils-2.0.3.jar:/Users/svante/.m2/repository/org/springframework/boot/spring-boot-starter-web/3.1.0-RC2/spring-boot-starter-web-3.1.0-RC2.jar:/Users/svante/.m2/repository/org/springframework/boot/spring-boot-starter-json/3.1.0-RC2/spring-boot-starter-json-3.1.0-RC2.jar:/Users/svante/.m2/repository/com/fasterxml/jackson/datatype/jackson-datatype-jdk8/2.15.0/jackson-datatype-jdk8-2.15.0.jar:/Users/svante/.m2/repository/com/fasterxml/jackson/module/jackson-module-parameter-names/2.15.0/jackson-module-parameter-names-2.15.0.jar:/Users/svante/.m2/repository/org/springframework/boot/spring-boot-starter-tomcat/3.1.0-RC2/spring-boot-starter-tomcat-3.1.0-RC2.jar:/Users/svante/.m2/repository/org/apache/tomcat/embed/tomcat-embed-core/10.1.8/tomcat-embed-core-10.1.8.jar:/Users/svante/.m2/repository/org/apache/tomcat/embed/tomcat-embed-el/10.1.8/tomcat-embed-el-10.1.8.jar:/Users/svante/.m2/repository/org/apache/tomcat/embed/tomcat-embed-websocket/10.1.8/tomcat-embed-websocket-10.1.8.jar:/Users/svante/.m2/repository/org/springframework/spring-web/6.0.8/spring-web-6.0.8.jar:/Users/svante/.m2/repository/org/springframework/spring-beans/6.0.8/spring-beans-6.0.8.jar:/Users/svante/.m2/repository/org/springframework/spring-webmvc/6.0.8/spring-webmvc-6.0.8.jar:/Users/svante/.m2/repository/org/springframework/spring-aop/6.0.8/spring-aop-6.0.8.jar:/Users/svante/.m2/repository/org/springframework/spring-context/6.0.8/spring-context-6.0.8.jar:/Users/svante/.m2/repository/org/springframework/spring-expression/6.0.8/spring-expression-6.0.8.jar:/Users/svante/.m2/repository/org/springframework/boot/spring-boot-starter-activemq/3.1.0-RC2/spring-boot-starter-activemq-3.1.0-RC2.jar:/Users/svante/.m2/repository/org/springframework/spring-jms/6.0.8/spring-jms-6.0.8.jar:/Users/svante/.m2/repository/org/springframework/spring-messaging/6.0.8/spring-messaging-6.0.8.jar:/Users/svante/.m2/repository/org/springframework/spring-tx/6.0.8/spring-tx-6.0.8.jar:/Users/svante/.m2/repository/org/apache/activemq/activemq-client-jakarta/5.18.1/activemq-client-jakarta-5.18.1.jar:/Users/svante/.m2/repository/jakarta/jms/jakarta.jms-api/3.1.0/jakarta.jms-api-3.1.0.jar:/Users/svante/.m2/repository/org/fusesource/hawtbuf/hawtbuf/1.11/hawtbuf-1.11.jar:/Users/svante/.m2/repository/org/slf4j/slf4j-api/2.0.7/slf4j-api-2.0.7.jar:/Users/svante/.m2/repository/org/apache/activemq/tooling/activemq-junit/5.18.1/activemq-junit-5.18.1.jar:/Users/svante/.m2/repository/org/testcontainers/junit-jupiter/1.18.1/junit-jupiter-1.18.1.jar:/Users/svante/.m2/repository/org/testcontainers/testcontainers/1.18.0/testcontainers-1.18.0.jar:/Users/svante/.m2/repository/junit/junit/4.13.2/junit-4.13.2.jar:/Users/svante/.m2/repository/org/hamcrest/hamcrest-core/2.2/hamcrest-core-2.2.jar:/Users/svante/.m2/repository/org/apache/commons/commons-compress/1.22/commons-compress-1.22.jar:/Users/svante/.m2/repository/org/rnorth/duct-tape/duct-tape/1.0.8/duct-tape-1.0.8.jar:/Users/svante/.m2/repository/org/jetbrains/annotations/17.0.0/annotations-17.0.0.jar:/Users/svante/.m2/repository/com/github/docker-java/docker-java-api/3.3.0/docker-java-api-3.3.0.jar:/Users/svante/.m2/repository/com/github/docker-java/docker-java-transport-zerodep/3.3.0/docker-java-transport-zerodep-3.3.0.jar:/Users/svante/.m2/repository/com/github/docker-java/docker-java-transport/3.3.0/docker-java-transport-3.3.0.jar:/Users/svante/.m2/repository/net/java/dev/jna/jna/5.12.1/jna-5.12.1.jar:/Users/svante/.m2/repository/org/springframework/boot/spring-boot-starter-test/3.1.0-RC2/spring-boot-starter-test-3.1.0-RC2.jar:/Users/svante/.m2/repository/org/springframework/boot/spring-boot-test/3.1.0-RC2/spring-boot-test-3.1.0-RC2.jar:/Users/svante/.m2/repository/org/springframework/boot/spring-boot-test-autoconfigure/3.1.0-RC2/spring-boot-test-autoconfigure-3.1.0-RC2.jar:/Users/svante/.m2/repository/com/jayway/jsonpath/json-path/2.8.0/json-path-2.8.0.jar:/Users/svante/.m2/repository/jakarta/xml/bind/jakarta.xml.bind-api/4.0.0/jakarta.xml.bind-api-4.0.0.jar:/Users/svante/.m2/repository/jakarta/activation/jakarta.activation-api/2.1.2/jakarta.activation-api-2.1.2.jar:/Users/svante/.m2/repository/net/minidev/json-smart/2.4.10/json-smart-2.4.10.jar:/Users/svante/.m2/repository/net/minidev/accessors-smart/2.4.9/accessors-smart-2.4.9.jar:/Users/svante/.m2/repository/org/ow2/asm/asm/9.3/asm-9.3.jar:/Users/svante/.m2/repository/org/assertj/assertj-core/3.24.2/assertj-core-3.24.2.jar:/Users/svante/.m2/repository/net/bytebuddy/byte-buddy/1.14.4/byte-buddy-1.14.4.jar:/Users/svante/.m2/repository/org/hamcrest/hamcrest/2.2/hamcrest-2.2.jar:/Users/svante/.m2/repository/org/junit/jupiter/junit-jupiter/5.9.3/junit-jupiter-5.9.3.jar:/Users/svante/.m2/repository/org/junit/jupiter/junit-jupiter-api/5.9.3/junit-jupiter-api-5.9.3.jar:/Users/svante/.m2/repository/org/opentest4j/opentest4j/1.2.0/opentest4j-1.2.0.jar:/Users/svante/.m2/repository/org/junit/platform/junit-platform-commons/1.9.3/junit-platform-commons-1.9.3.jar:/Users/svante/.m2/repository/org/apiguardian/apiguardian-api/1.1.2/apiguardian-api-1.1.2.jar:/Users/svante/.m2/repository/org/junit/jupiter/junit-jupiter-params/5.9.3/junit-jupiter-params-5.9.3.jar:/Users/svante/.m2/repository/org/junit/jupiter/junit-jupiter-engine/5.9.3/junit-jupiter-engine-5.9.3.jar:/Users/svante/.m2/repository/org/junit/platform/junit-platform-engine/1.9.3/junit-platform-engine-1.9.3.jar:/Users/svante/.m2/repository/org/mockito/mockito-core/5.3.1/mockito-core-5.3.1.jar:/Users/svante/.m2/repository/net/bytebuddy/byte-buddy-agent/1.14.4/byte-buddy-agent-1.14.4.jar:/Users/svante/.m2/repository/org/objenesis/objenesis/3.3/objenesis-3.3.jar:/Users/svante/.m2/repository/org/mockito/mockito-junit-jupiter/5.3.1/mockito-junit-jupiter-5.3.1.jar:/Users/svante/.m2/repository/org/skyscreamer/jsonassert/1.5.1/jsonassert-1.5.1.jar:/Users/svante/.m2/repository/com/vaadin/external/google/android-json/0.0.20131108.vaadin1/android-json-0.0.20131108.vaadin1.jar:/Users/svante/.m2/repository/org/springframework/spring-core/6.0.8/spring-core-6.0.8.jar:/Users/svante/.m2/repository/org/springframework/spring-jcl/6.0.8/spring-jcl-6.0.8.jar:/Users/svante/.m2/repository/org/springframework/spring-test/6.0.8/spring-test-6.0.8.jar:/Users/svante/.m2/repository/org/xmlunit/xmlunit-core/2.9.1/xmlunit-core-2.9.1.jar:"/>
    <property name="java.vm.vendor" value="Microsoft"/>
    <property name="sun.arch.data.model" value="64"/>
    <property name="java.vendor.url" value="https://www.microsoft.com"/>
    <property name="user.timezone" value="Europe/Stockholm"/>
    <property name="os.name" value="Mac OS X"/>
    <property name="java.vm.specification.version" value="17"/>
    <property name="sun.java.launcher" value="SUN_STANDARD"/>
    <property name="user.country" value="SE"/>
    <property name="sun.boot.library.path" value="/Users/svante/.sdkman/candidates/java/17.0.6-ms/lib"/>
    <property name="sun.java.command" value="/Users/svante/dev/repos/af/legacy-mq/target/surefire/surefirebooter-20230516111759218_3.jar /Users/svante/dev/repos/af/legacy-mq/target/surefire 2023-05-16T11-17-59_143-jvmRun1 surefire-20230516111759218_1tmp surefire_0-20230516111759218_2tmp"/>
    <property name="http.nonProxyHosts" value="local|*.local|169.254/16|*.169.254/16"/>
    <property name="jdk.debug" value="release"/>
    <property name="surefire.test.class.path" value="/Users/svante/dev/repos/af/legacy-mq/target/test-classes:/Users/svante/dev/repos/af/legacy-mq/target/classes:/Users/svante/.m2/repository/org/springframework/boot/spring-boot-starter-actuator/3.1.0-RC2/spring-boot-starter-actuator-3.1.0-RC2.jar:/Users/svante/.m2/repository/org/springframework/boot/spring-boot-starter/3.1.0-RC2/spring-boot-starter-3.1.0-RC2.jar:/Users/svante/.m2/repository/org/springframework/boot/spring-boot/3.1.0-RC2/spring-boot-3.1.0-RC2.jar:/Users/svante/.m2/repository/org/springframework/boot/spring-boot-autoconfigure/3.1.0-RC2/spring-boot-autoconfigure-3.1.0-RC2.jar:/Users/svante/.m2/repository/org/springframework/boot/spring-boot-starter-logging/3.1.0-RC2/spring-boot-starter-logging-3.1.0-RC2.jar:/Users/svante/.m2/repository/ch/qos/logback/logback-classic/1.4.7/logback-classic-1.4.7.jar:/Users/svante/.m2/repository/ch/qos/logback/logback-core/1.4.7/logback-core-1.4.7.jar:/Users/svante/.m2/repository/org/apache/logging/log4j/log4j-to-slf4j/2.20.0/log4j-to-slf4j-2.20.0.jar:/Users/svante/.m2/repository/org/apache/logging/log4j/log4j-api/2.20.0/log4j-api-2.20.0.jar:/Users/svante/.m2/repository/org/slf4j/jul-to-slf4j/2.0.7/jul-to-slf4j-2.0.7.jar:/Users/svante/.m2/repository/jakarta/annotation/jakarta.annotation-api/2.1.1/jakarta.annotation-api-2.1.1.jar:/Users/svante/.m2/repository/org/yaml/snakeyaml/1.33/snakeyaml-1.33.jar:/Users/svante/.m2/repository/org/springframework/boot/spring-boot-actuator-autoconfigure/3.1.0-RC2/spring-boot-actuator-autoconfigure-3.1.0-RC2.jar:/Users/svante/.m2/repository/org/springframework/boot/spring-boot-actuator/3.1.0-RC2/spring-boot-actuator-3.1.0-RC2.jar:/Users/svante/.m2/repository/com/fasterxml/jackson/core/jackson-databind/2.15.0/jackson-databind-2.15.0.jar:/Users/svante/.m2/repository/com/fasterxml/jackson/core/jackson-annotations/2.15.0/jackson-annotations-2.15.0.jar:/Users/svante/.m2/repository/com/fasterxml/jackson/core/jackson-core/2.15.0/jackson-core-2.15.0.jar:/Users/svante/.m2/repository/com/fasterxml/jackson/datatype/jackson-datatype-jsr310/2.15.0/jackson-datatype-jsr310-2.15.0.jar:/Users/svante/.m2/repository/io/micrometer/micrometer-observation/1.11.0-RC1/micrometer-observation-1.11.0-RC1.jar:/Users/svante/.m2/repository/io/micrometer/micrometer-commons/1.11.0-RC1/micrometer-commons-1.11.0-RC1.jar:/Users/svante/.m2/repository/io/micrometer/micrometer-core/1.11.0-RC1/micrometer-core-1.11.0-RC1.jar:/Users/svante/.m2/repository/org/hdrhistogram/HdrHistogram/2.1.12/HdrHistogram-2.1.12.jar:/Users/svante/.m2/repository/org/latencyutils/LatencyUtils/2.0.3/LatencyUtils-2.0.3.jar:/Users/svante/.m2/repository/org/springframework/boot/spring-boot-starter-web/3.1.0-RC2/spring-boot-starter-web-3.1.0-RC2.jar:/Users/svante/.m2/repository/org/springframework/boot/spring-boot-starter-json/3.1.0-RC2/spring-boot-starter-json-3.1.0-RC2.jar:/Users/svante/.m2/repository/com/fasterxml/jackson/datatype/jackson-datatype-jdk8/2.15.0/jackson-datatype-jdk8-2.15.0.jar:/Users/svante/.m2/repository/com/fasterxml/jackson/module/jackson-module-parameter-names/2.15.0/jackson-module-parameter-names-2.15.0.jar:/Users/svante/.m2/repository/org/springframework/boot/spring-boot-starter-tomcat/3.1.0-RC2/spring-boot-starter-tomcat-3.1.0-RC2.jar:/Users/svante/.m2/repository/org/apache/tomcat/embed/tomcat-embed-core/10.1.8/tomcat-embed-core-10.1.8.jar:/Users/svante/.m2/repository/org/apache/tomcat/embed/tomcat-embed-el/10.1.8/tomcat-embed-el-10.1.8.jar:/Users/svante/.m2/repository/org/apache/tomcat/embed/tomcat-embed-websocket/10.1.8/tomcat-embed-websocket-10.1.8.jar:/Users/svante/.m2/repository/org/springframework/spring-web/6.0.8/spring-web-6.0.8.jar:/Users/svante/.m2/repository/org/springframework/spring-beans/6.0.8/spring-beans-6.0.8.jar:/Users/svante/.m2/repository/org/springframework/spring-webmvc/6.0.8/spring-webmvc-6.0.8.jar:/Users/svante/.m2/repository/org/springframework/spring-aop/6.0.8/spring-aop-6.0.8.jar:/Users/svante/.m2/repository/org/springframework/spring-context/6.0.8/spring-context-6.0.8.jar:/Users/svante/.m2/repository/org/springframework/spring-expression/6.0.8/spring-expression-6.0.8.jar:/Users/svante/.m2/repository/org/springframework/boot/spring-boot-starter-activemq/3.1.0-RC2/spring-boot-starter-activemq-3.1.0-RC2.jar:/Users/svante/.m2/repository/org/springframework/spring-jms/6.0.8/spring-jms-6.0.8.jar:/Users/svante/.m2/repository/org/springframework/spring-messaging/6.0.8/spring-messaging-6.0.8.jar:/Users/svante/.m2/repository/org/springframework/spring-tx/6.0.8/spring-tx-6.0.8.jar:/Users/svante/.m2/repository/org/apache/activemq/activemq-client-jakarta/5.18.1/activemq-client-jakarta-5.18.1.jar:/Users/svante/.m2/repository/jakarta/jms/jakarta.jms-api/3.1.0/jakarta.jms-api-3.1.0.jar:/Users/svante/.m2/repository/org/fusesource/hawtbuf/hawtbuf/1.11/hawtbuf-1.11.jar:/Users/svante/.m2/repository/org/slf4j/slf4j-api/2.0.7/slf4j-api-2.0.7.jar:/Users/svante/.m2/repository/org/apache/activemq/tooling/activemq-junit/5.18.1/activemq-junit-5.18.1.jar:/Users/svante/.m2/repository/org/testcontainers/junit-jupiter/1.18.1/junit-jupiter-1.18.1.jar:/Users/svante/.m2/repository/org/testcontainers/testcontainers/1.18.0/testcontainers-1.18.0.jar:/Users/svante/.m2/repository/junit/junit/4.13.2/junit-4.13.2.jar:/Users/svante/.m2/repository/org/hamcrest/hamcrest-core/2.2/hamcrest-core-2.2.jar:/Users/svante/.m2/repository/org/apache/commons/commons-compress/1.22/commons-compress-1.22.jar:/Users/svante/.m2/repository/org/rnorth/duct-tape/duct-tape/1.0.8/duct-tape-1.0.8.jar:/Users/svante/.m2/repository/org/jetbrains/annotations/17.0.0/annotations-17.0.0.jar:/Users/svante/.m2/repository/com/github/docker-java/docker-java-api/3.3.0/docker-java-api-3.3.0.jar:/Users/svante/.m2/repository/com/github/docker-java/docker-java-transport-zerodep/3.3.0/docker-java-transport-zerodep-3.3.0.jar:/Users/svante/.m2/repository/com/github/docker-java/docker-java-transport/3.3.0/docker-java-transport-3.3.0.jar:/Users/svante/.m2/repository/net/java/dev/jna/jna/5.12.1/jna-5.12.1.jar:/Users/svante/.m2/repository/org/springframework/boot/spring-boot-starter-test/3.1.0-RC2/spring-boot-starter-test-3.1.0-RC2.jar:/Users/svante/.m2/repository/org/springframework/boot/spring-boot-test/3.1.0-RC2/spring-boot-test-3.1.0-RC2.jar:/Users/svante/.m2/repository/org/springframework/boot/spring-boot-test-autoconfigure/3.1.0-RC2/spring-boot-test-autoconfigure-3.1.0-RC2.jar:/Users/svante/.m2/repository/com/jayway/jsonpath/json-path/2.8.0/json-path-2.8.0.jar:/Users/svante/.m2/repository/jakarta/xml/bind/jakarta.xml.bind-api/4.0.0/jakarta.xml.bind-api-4.0.0.jar:/Users/svante/.m2/repository/jakarta/activation/jakarta.activation-api/2.1.2/jakarta.activation-api-2.1.2.jar:/Users/svante/.m2/repository/net/minidev/json-smart/2.4.10/json-smart-2.4.10.jar:/Users/svante/.m2/repository/net/minidev/accessors-smart/2.4.9/accessors-smart-2.4.9.jar:/Users/svante/.m2/repository/org/ow2/asm/asm/9.3/asm-9.3.jar:/Users/svante/.m2/repository/org/assertj/assertj-core/3.24.2/assertj-core-3.24.2.jar:/Users/svante/.m2/repository/net/bytebuddy/byte-buddy/1.14.4/byte-buddy-1.14.4.jar:/Users/svante/.m2/repository/org/hamcrest/hamcrest/2.2/hamcrest-2.2.jar:/Users/svante/.m2/repository/org/junit/jupiter/junit-jupiter/5.9.3/junit-jupiter-5.9.3.jar:/Users/svante/.m2/repository/org/junit/jupiter/junit-jupiter-api/5.9.3/junit-jupiter-api-5.9.3.jar:/Users/svante/.m2/repository/org/opentest4j/opentest4j/1.2.0/opentest4j-1.2.0.jar:/Users/svante/.m2/repository/org/junit/platform/junit-platform-commons/1.9.3/junit-platform-commons-1.9.3.jar:/Users/svante/.m2/repository/org/apiguardian/apiguardian-api/1.1.2/apiguardian-api-1.1.2.jar:/Users/svante/.m2/repository/org/junit/jupiter/junit-jupiter-params/5.9.3/junit-jupiter-params-5.9.3.jar:/Users/svante/.m2/repository/org/junit/jupiter/junit-jupiter-engine/5.9.3/junit-jupiter-engine-5.9.3.jar:/Users/svante/.m2/repository/org/junit/platform/junit-platform-engine/1.9.3/junit-platform-engine-1.9.3.jar:/Users/svante/.m2/repository/org/mockito/mockito-core/5.3.1/mockito-core-5.3.1.jar:/Users/svante/.m2/repository/net/bytebuddy/byte-buddy-agent/1.14.4/byte-buddy-agent-1.14.4.jar:/Users/svante/.m2/repository/org/objenesis/objenesis/3.3/objenesis-3.3.jar:/Users/svante/.m2/repository/org/mockito/mockito-junit-jupiter/5.3.1/mockito-junit-jupiter-5.3.1.jar:/Users/svante/.m2/repository/org/skyscreamer/jsonassert/1.5.1/jsonassert-1.5.1.jar:/Users/svante/.m2/repository/com/vaadin/external/google/android-json/0.0.20131108.vaadin1/android-json-0.0.20131108.vaadin1.jar:/Users/svante/.m2/repository/org/springframework/spring-core/6.0.8/spring-core-6.0.8.jar:/Users/svante/.m2/repository/org/springframework/spring-jcl/6.0.8/spring-jcl-6.0.8.jar:/Users/svante/.m2/repository/org/springframework/spring-test/6.0.8/spring-test-6.0.8.jar:/Users/svante/.m2/repository/org/xmlunit/xmlunit-core/2.9.1/xmlunit-core-2.9.1.jar:"/>
    <property name="sun.cpu.endian" value="little"/>
    <property name="user.home" value="/Users/svante"/>
    <property name="user.language" value="sv"/>
    <property name="java.specification.vendor" value="Oracle Corporation"/>
    <property name="java.version.date" value="2023-01-17"/>
    <property name="java.home" value="/Users/svante/.sdkman/candidates/java/17.0.6-ms"/>
    <property name="file.separator" value="/"/>
    <property name="basedir" value="/Users/svante/dev/repos/af/legacy-mq"/>
    <property name="java.vm.compressedOopsMode" value="Zero based"/>
    <property name="line.separator" value="&#10;"/>
    <property name="java.vm.specification.vendor" value="Oracle Corporation"/>
    <property name="java.specification.name" value="Java Platform API Specification"/>
    <property name="surefire.real.class.path" value="/Users/svante/dev/repos/af/legacy-mq/target/surefire/surefirebooter-20230516111759218_3.jar"/>
    <property name="sun.management.compiler" value="HotSpot 64-Bit Tiered Compilers"/>
    <property name="ftp.nonProxyHosts" value="local|*.local|169.254/16|*.169.254/16"/>
    <property name="java.runtime.version" value="17.0.6+10-LTS"/>
    <property name="user.name" value="svante"/>
    <property name="path.separator" value=":"/>
    <property name="os.version" value="13.3.1"/>
    <property name="java.runtime.name" value="OpenJDK Runtime Environment"/>
    <property name="file.encoding" value="UTF-8"/>
    <property name="java.vm.name" value="OpenJDK 64-Bit Server VM"/>
    <property name="java.vendor.version" value="Microsoft-7209853"/>
    <property name="localRepository" value="/Users/svante/.m2/repository"/>
    <property name="java.vendor.url.bug" value="https://github.com/microsoft/openjdk/issues"/>
    <property name="java.io.tmpdir" value="/var/folders/zc/tp6rhjx54hn5m39jrfglng8h0000gn/T/"/>
    <property name="java.version" value="17.0.6"/>
    <property name="user.dir" value="/Users/svante/dev/repos/af/legacy-mq"/>
    <property name="os.arch" value="x86_64"/>
    <property name="java.vm.specification.name" value="Java Virtual Machine Specification"/>
    <property name="native.encoding" value="UTF-8"/>
    <property name="java.library.path" value="/Users/svante/Library/Java/Extensions:/Library/Java/Extensions:/Network/Library/Java/Extensions:/System/Library/Java/Extensions:/usr/lib/java:."/>
    <property name="java.vm.info" value="mixed mode, sharing"/>
    <property name="java.vendor" value="Microsoft"/>
    <property name="java.vm.version" value="17.0.6+10-LTS"/>
    <property name="sun.io.unicode.encoding" value="UnicodeBig"/>
    <property name="socksNonProxyHosts" value="local|*.local|169.254/16|*.169.254/16"/>
    <property name="java.class.version" value="61.0"/>
  </properties>
  <testcase name="assert_running" classname="se.arbetsformedlingen.mqtest.MqtestApplicationTests" time="0.794">
    <system-out><![CDATA[11:17:59.882 [main] INFO org.testcontainers.utility.ImageNameSubstitutor -- Image name substitution will be performed by: DefaultImageNameSubstitutor (composite of 'ConfigurationFileImageNameSubstitutor' and 'PrefixingImageNameSubstitutor')
11:18:00.053 [main] INFO org.testcontainers.dockerclient.DockerClientProviderStrategy -- Loaded org.testcontainers.dockerclient.UnixSocketClientProviderStrategy from ~/.testcontainers.properties, will try it first
11:18:00.248 [main] INFO org.testcontainers.dockerclient.DockerClientProviderStrategy -- Found Docker environment with local Unix socket (unix:///var/run/docker.sock)
11:18:00.250 [main] INFO org.testcontainers.DockerClientFactory -- Docker host IP address is localhost
11:18:00.273 [main] INFO org.testcontainers.DockerClientFactory -- Connected to docker: 
  Server Version: 20.10.23
  API Version: 1.41
  Operating System: Docker Desktop
  Total Memory: 7859 MB
11:18:00.294 [main] INFO tc.testcontainers/ryuk:0.4.0 -- Creating container for image: testcontainers/ryuk:0.4.0
11:18:00.678 [main] INFO tc.testcontainers/ryuk:0.4.0 -- Container testcontainers/ryuk:0.4.0 is starting: af78dd93b565360611e747d00cfc6e5f2461c99b793c7dfe72743e73275eea94
11:18:01.077 [main] INFO tc.testcontainers/ryuk:0.4.0 -- Container testcontainers/ryuk:0.4.0 started in PT0.799739S
11:18:01.083 [main] INFO org.testcontainers.utility.RyukResourceReaper -- Ryuk started - will monitor and terminate Testcontainers containers on JVM exit
11:18:01.083 [main] INFO org.testcontainers.DockerClientFactory -- Checking the system...
11:18:01.083 [main] INFO org.testcontainers.DockerClientFactory -- ✔︎ Docker server version should be at least 1.6.0
11:18:01.084 [main] INFO tc.rmohr/activemq:5.15.9 -- Creating container for image: rmohr/activemq:5.15.9
11:18:01.116 [main] INFO tc.rmohr/activemq:5.15.9 -- Container rmohr/activemq:5.15.9 is starting: d9ad92cb3a78727905b8a476d014f20e27d169bcaf15f08cda0fd0f2d19744a7
11:18:02.790 [main] INFO tc.rmohr/activemq:5.15.9 -- Container rmohr/activemq:5.15.9 started in PT1.706265S
ActiveMQ running on localhost:56723
]]></system-out>
  </testcase>
  <testcase name="send_and_receive_messages" classname="se.arbetsformedlingen.mqtest.MqtestApplicationTests" time="0.365">
    <system-out><![CDATA[Sending text message 'Test message' to queue 'queue-2'
Received a message from queue 'queue-2' with text message 'Test message'
]]></system-out>
  </testcase>
</testsuite>